This is pdfTeX, Version 3.14159265-2.6-1.40.21 (TeX Live 2020/W32TeX) (preloaded format=pdflatex 2020.7.20)  31 JUL 2020 14:18
entering extended mode
 restricted \write18 enabled.
 %&-line parsing enabled.
**R-aplicado-a-suinocultura.tex
(./R-aplicado-a-suinocultura.tex
LaTeX2e <2020-02-02> patch level 5
L3 programming layer <2020-07-17>
(c:/Users/Cleber.PROFCLEBER/AppData/Roaming/TinyTeX/texmf-dist/tex/latex/base/b
ook.cls
Document Class: book 2019/12/20 v1.4l Standard LaTeX document class

(c:/Users/Cleber.PROFCLEBER/AppData/Roaming/TinyTeX/texmf-dist/tex/latex/base/b
k10.clo
File: bk10.clo 2019/12/20 v1.4l Standard LaTeX file (size option)
)
\c@part=\count168
\c@chapter=\count169
\c@section=\count170
\c@subsection=\count171
\c@subsubsection=\count172
\c@paragraph=\count173
\c@subparagraph=\count174
\c@figure=\count175
\c@table=\count176
\abovecaptionskip=\skip47
\belowcaptionskip=\skip48
\bibindent=\dimen134
)
(c:/Users/Cleber.PROFCLEBER/AppData/Roaming/TinyTeX/texmf-dist/tex/latex/lm/lmo
dern.sty
Package: lmodern 2009/10/30 v1.6 Latin Modern Fonts
LaTeX Font Info:    Overwriting symbol font `operators' in version `normal'
(Font)                  OT1/cmr/m/n --> OT1/lmr/m/n on input line 22.
LaTeX Font Info:    Overwriting symbol font `letters' in version `normal'
(Font)                  OML/cmm/m/it --> OML/lmm/m/it on input line 23.
LaTeX Font Info:    Overwriting symbol font `symbols' in version `normal'
(Font)                  OMS/cmsy/m/n --> OMS/lmsy/m/n on input line 24.
LaTeX Font Info:    Overwriting symbol font `largesymbols' in version `normal'
(Font)                  OMX/cmex/m/n --> OMX/lmex/m/n on input line 25.
LaTeX Font Info:    Overwriting symbol font `operators' in version `bold'
(Font)                  OT1/cmr/bx/n --> OT1/lmr/bx/n on input line 26.
LaTeX Font Info:    Overwriting symbol font `letters' in version `bold'
(Font)                  OML/cmm/b/it --> OML/lmm/b/it on input line 27.
LaTeX Font Info:    Overwriting symbol font `symbols' in version `bold'
(Font)                  OMS/cmsy/b/n --> OMS/lmsy/b/n on input line 28.
LaTeX Font Info:    Overwriting symbol font `largesymbols' in version `bold'
(Font)                  OMX/cmex/m/n --> OMX/lmex/m/n on input line 29.
LaTeX Font Info:    Overwriting math alphabet `\mathbf' in version `normal'
(Font)                  OT1/cmr/bx/n --> OT1/lmr/bx/n on input line 31.
LaTeX Font Info:    Overwriting math alphabet `\mathsf' in version `normal'
(Font)                  OT1/cmss/m/n --> OT1/lmss/m/n on input line 32.
LaTeX Font Info:    Overwriting math alphabet `\mathit' in version `normal'
(Font)                  OT1/cmr/m/it --> OT1/lmr/m/it on input line 33.
LaTeX Font Info:    Overwriting math alphabet `\mathtt' in version `normal'
(Font)                  OT1/cmtt/m/n --> OT1/lmtt/m/n on input line 34.
LaTeX Font Info:    Overwriting math alphabet `\mathbf' in version `bold'
(Font)                  OT1/cmr/bx/n --> OT1/lmr/bx/n on input line 35.
LaTeX Font Info:    Overwriting math alphabet `\mathsf' in version `bold'
(Font)                  OT1/cmss/bx/n --> OT1/lmss/bx/n on input line 36.
LaTeX Font Info:    Overwriting math alphabet `\mathit' in version `bold'
(Font)                  OT1/cmr/bx/it --> OT1/lmr/bx/it on input line 37.
LaTeX Font Info:    Overwriting math alphabet `\mathtt' in version `bold'
(Font)                  OT1/cmtt/m/n --> OT1/lmtt/m/n on input line 38.
)
(c:/Users/Cleber.PROFCLEBER/AppData/Roaming/TinyTeX/texmf-dist/tex/latex/amsfon
ts/amssymb.sty
Package: amssymb 2013/01/14 v3.01 AMS font symbols

(c:/Users/Cleber.PROFCLEBER/AppData/Roaming/TinyTeX/texmf-dist/tex/latex/amsfon
ts/amsfonts.sty
Package: amsfonts 2013/01/14 v3.01 Basic AMSFonts support
\@emptytoks=\toks15
\symAMSa=\mathgroup4
\symAMSb=\mathgroup5
LaTeX Font Info:    Redeclaring math symbol \hbar on input line 98.
LaTeX Font Info:    Overwriting math alphabet `\mathfrak' in version `bold'
(Font)                  U/euf/m/n --> U/euf/b/n on input line 106.
))
(c:/Users/Cleber.PROFCLEBER/AppData/Roaming/TinyTeX/texmf-dist/tex/latex/amsmat
h/amsmath.sty
Package: amsmath 2020/01/20 v2.17e AMS math features
\@mathmargin=\skip49
For additional information on amsmath, use the `?' option.

(c:/Users/Cleber.PROFCLEBER/AppData/Roaming/TinyTeX/texmf-dist/tex/latex/amsmat
h/amstext.sty
Package: amstext 2000/06/29 v2.01 AMS text

(c:/Users/Cleber.PROFCLEBER/AppData/Roaming/TinyTeX/texmf-dist/tex/latex/amsmat
h/amsgen.sty
File: amsgen.sty 1999/11/30 v2.0 generic functions
\@emptytoks=\toks16
\ex@=\dimen135
))
(c:/Users/Cleber.PROFCLEBER/AppData/Roaming/TinyTeX/texmf-dist/tex/latex/amsmat
h/amsbsy.sty
Package: amsbsy 1999/11/29 v1.2d Bold Symbols
\pmbraise@=\dimen136
)
(c:/Users/Cleber.PROFCLEBER/AppData/Roaming/TinyTeX/texmf-dist/tex/latex/amsmat
h/amsopn.sty
Package: amsopn 2016/03/08 v2.02 operator names
)
\inf@bad=\count177
LaTeX Info: Redefining \frac on input line 227.
\uproot@=\count178
\leftroot@=\count179
LaTeX Info: Redefining \overline on input line 389.
\classnum@=\count180
\DOTSCASE@=\count181
LaTeX Info: Redefining \ldots on input line 486.
LaTeX Info: Redefining \dots on input line 489.
LaTeX Info: Redefining \cdots on input line 610.
\Mathstrutbox@=\box45
\strutbox@=\box46
\big@size=\dimen137
LaTeX Font Info:    Redeclaring font encoding OML on input line 733.
LaTeX Font Info:    Redeclaring font encoding OMS on input line 734.
\macc@depth=\count182
\c@MaxMatrixCols=\count183
\dotsspace@=\muskip16
\c@parentequation=\count184
\dspbrk@lvl=\count185
\tag@help=\toks17
\row@=\count186
\column@=\count187
\maxfields@=\count188
\andhelp@=\toks18
\eqnshift@=\dimen138
\alignsep@=\dimen139
\tagshift@=\dimen140
\tagwidth@=\dimen141
\totwidth@=\dimen142
\lineht@=\dimen143
\@envbody=\toks19
\multlinegap=\skip50
\multlinetaggap=\skip51
\mathdisplay@stack=\toks20
LaTeX Info: Redefining \[ on input line 2859.
LaTeX Info: Redefining \] on input line 2860.
)
(c:/Users/Cleber.PROFCLEBER/AppData/Roaming/TinyTeX/texmf-dist/tex/generic/ifte
x/ifxetex.sty
Package: ifxetex 2019/10/25 v0.7 ifxetex legacy package. Use iftex instead.

(c:/Users/Cleber.PROFCLEBER/AppData/Roaming/TinyTeX/texmf-dist/tex/generic/ifte
x/iftex.sty
Package: iftex 2020/03/06 v1.0d TeX engine tests
))
(c:/Users/Cleber.PROFCLEBER/AppData/Roaming/TinyTeX/texmf-dist/tex/generic/ifte
x/ifluatex.sty
Package: ifluatex 2019/10/25 v1.5 ifluatex legacy package. Use iftex instead.
)
(c:/Users/Cleber.PROFCLEBER/AppData/Roaming/TinyTeX/texmf-dist/tex/latex/base/f
ontenc.sty
Package: fontenc 2020/02/11 v2.0o Standard LaTeX package
LaTeX Font Info:    Trying to load font information for T1+lmr on input line 11
2.

(c:/Users/Cleber.PROFCLEBER/AppData/Roaming/TinyTeX/texmf-dist/tex/latex/lm/t1l
mr.fd
File: t1lmr.fd 2009/10/30 v1.6 Font defs for Latin Modern
))
(c:/Users/Cleber.PROFCLEBER/AppData/Roaming/TinyTeX/texmf-dist/tex/latex/base/i
nputenc.sty
Package: inputenc 2018/08/11 v1.3c Input encoding file
\inpenc@prehook=\toks21
\inpenc@posthook=\toks22
)
(c:/Users/Cleber.PROFCLEBER/AppData/Roaming/TinyTeX/texmf-dist/tex/latex/base/t
extcomp.sty
Package: textcomp 2020/02/02 v2.0n Standard LaTeX package
)
(c:/Users/Cleber.PROFCLEBER/AppData/Roaming/TinyTeX/texmf-dist/tex/latex/xcolor
/xcolor.sty
Package: xcolor 2016/05/11 v2.12 LaTeX color extensions (UK)

(c:/Users/Cleber.PROFCLEBER/AppData/Roaming/TinyTeX/texmf-dist/tex/latex/graphi
cs-cfg/color.cfg
File: color.cfg 2016/01/02 v1.6 sample color configuration
)
Package xcolor Info: Driver file: pdftex.def on input line 225.

(c:/Users/Cleber.PROFCLEBER/AppData/Roaming/TinyTeX/texmf-dist/tex/latex/graphi
cs-def/pdftex.def
File: pdftex.def 2018/01/08 v1.0l Graphics/color driver for pdftex
)
Package xcolor Info: Model `cmy' substituted by `cmy0' on input line 1348.
Package xcolor Info: Model `hsb' substituted by `rgb' on input line 1352.
Package xcolor Info: Model `RGB' extended on input line 1364.
Package xcolor Info: Model `HTML' substituted by `rgb' on input line 1366.
Package xcolor Info: Model `Hsb' substituted by `hsb' on input line 1367.
Package xcolor Info: Model `tHsb' substituted by `hsb' on input line 1368.
Package xcolor Info: Model `HSB' substituted by `hsb' on input line 1369.
Package xcolor Info: Model `Gray' substituted by `gray' on input line 1370.
Package xcolor Info: Model `wave' substituted by `hsb' on input line 1371.
)
(c:/Users/Cleber.PROFCLEBER/AppData/Roaming/TinyTeX/texmf-dist/tex/latex/hyperr
ef/hyperref.sty
Package: hyperref 2020-05-15 v7.00e Hypertext links for LaTeX

(c:/Users/Cleber.PROFCLEBER/AppData/Roaming/TinyTeX/texmf-dist/tex/generic/ltxc
mds/ltxcmds.sty
Package: ltxcmds 2019/12/15 v1.24 LaTeX kernel commands for general use (HO)
)
(c:/Users/Cleber.PROFCLEBER/AppData/Roaming/TinyTeX/texmf-dist/tex/generic/pdft
excmds/pdftexcmds.sty
Package: pdftexcmds 2020-06-27 v0.33 Utility functions of pdfTeX for LuaTeX (HO
)

(c:/Users/Cleber.PROFCLEBER/AppData/Roaming/TinyTeX/texmf-dist/tex/generic/infw
arerr/infwarerr.sty
Package: infwarerr 2019/12/03 v1.5 Providing info/warning/error messages (HO)
)
Package pdftexcmds Info: \pdf@primitive is available.
Package pdftexcmds Info: \pdf@ifprimitive is available.
Package pdftexcmds Info: \pdfdraftmode found.
)
(c:/Users/Cleber.PROFCLEBER/AppData/Roaming/TinyTeX/texmf-dist/tex/latex/graphi
cs/keyval.sty
Package: keyval 2014/10/28 v1.15 key=value parser (DPC)
\KV@toks@=\toks23
)
(c:/Users/Cleber.PROFCLEBER/AppData/Roaming/TinyTeX/texmf-dist/tex/generic/kvse
tkeys/kvsetkeys.sty
Package: kvsetkeys 2019/12/15 v1.18 Key value parser (HO)
)
(c:/Users/Cleber.PROFCLEBER/AppData/Roaming/TinyTeX/texmf-dist/tex/generic/kvde
finekeys/kvdefinekeys.sty
Package: kvdefinekeys 2019-12-19 v1.6 Define keys (HO)
)
(c:/Users/Cleber.PROFCLEBER/AppData/Roaming/TinyTeX/texmf-dist/tex/generic/pdfe
scape/pdfescape.sty
Package: pdfescape 2019/12/09 v1.15 Implements pdfTeX's escape features (HO)
)
(c:/Users/Cleber.PROFCLEBER/AppData/Roaming/TinyTeX/texmf-dist/tex/latex/hycolo
r/hycolor.sty
Package: hycolor 2020-01-27 v1.10 Color options for hyperref/bookmark (HO)
)
(c:/Users/Cleber.PROFCLEBER/AppData/Roaming/TinyTeX/texmf-dist/tex/latex/letltx
macro/letltxmacro.sty
Package: letltxmacro 2019/12/03 v1.6 Let assignment for LaTeX macros (HO)
)
(c:/Users/Cleber.PROFCLEBER/AppData/Roaming/TinyTeX/texmf-dist/tex/latex/auxhoo
k/auxhook.sty
Package: auxhook 2019-12-17 v1.6 Hooks for auxiliary files (HO)
)
(c:/Users/Cleber.PROFCLEBER/AppData/Roaming/TinyTeX/texmf-dist/tex/latex/kvopti
ons/kvoptions.sty
Package: kvoptions 2019/11/29 v3.13 Key value format for package options (HO)
)
\@linkdim=\dimen144
\Hy@linkcounter=\count189
\Hy@pagecounter=\count190

(c:/Users/Cleber.PROFCLEBER/AppData/Roaming/TinyTeX/texmf-dist/tex/latex/hyperr
ef/pd1enc.def
File: pd1enc.def 2020-05-15 v7.00e Hyperref: PDFDocEncoding definition (HO)
Now handling font encoding PD1 ...
... no UTF-8 mapping file for font encoding PD1
)
(c:/Users/Cleber.PROFCLEBER/AppData/Roaming/TinyTeX/texmf-dist/tex/generic/intc
alc/intcalc.sty
Package: intcalc 2019/12/15 v1.3 Expandable calculations with integers (HO)
)
(c:/Users/Cleber.PROFCLEBER/AppData/Roaming/TinyTeX/texmf-dist/tex/generic/etex
cmds/etexcmds.sty
Package: etexcmds 2019/12/15 v1.7 Avoid name clashes with e-TeX commands (HO)
)
\Hy@SavedSpaceFactor=\count191
Package hyperref Info: Option `unicode' set `true' on input line 4338.

(c:/Users/Cleber.PROFCLEBER/AppData/Roaming/TinyTeX/texmf-dist/tex/latex/hyperr
ef/puenc.def
File: puenc.def 2020-05-15 v7.00e Hyperref: PDF Unicode definition (HO)
Now handling font encoding PU ...
... no UTF-8 mapping file for font encoding PU
)
Package hyperref Info: Hyper figures OFF on input line 4464.
Package hyperref Info: Link nesting OFF on input line 4469.
Package hyperref Info: Hyper index ON on input line 4472.
Package hyperref Info: Plain pages OFF on input line 4479.
Package hyperref Info: Backreferencing OFF on input line 4484.
Package hyperref Info: Implicit mode ON; LaTeX internals redefined.
Package hyperref Info: Bookmarks ON on input line 4717.
\c@Hy@tempcnt=\count192

(c:/Users/Cleber.PROFCLEBER/AppData/Roaming/TinyTeX/texmf-dist/tex/latex/url/ur
l.sty
\Urlmuskip=\muskip17
Package: url 2013/09/16  ver 3.4  Verb mode for urls, etc.
)
LaTeX Info: Redefining \url on input line 5076.
\XeTeXLinkMargin=\dimen145

(c:/Users/Cleber.PROFCLEBER/AppData/Roaming/TinyTeX/texmf-dist/tex/generic/bits
et/bitset.sty
Package: bitset 2019/12/09 v1.3 Handle bit-vector datatype (HO)

(c:/Users/Cleber.PROFCLEBER/AppData/Roaming/TinyTeX/texmf-dist/tex/generic/bigi
ntcalc/bigintcalc.sty
Package: bigintcalc 2019/12/15 v1.5 Expandable calculations on big integers (HO
)
))
\Fld@menulength=\count193
\Field@Width=\dimen146
\Fld@charsize=\dimen147
Package hyperref Info: Hyper figures OFF on input line 6347.
Package hyperref Info: Link nesting OFF on input line 6352.
Package hyperref Info: Hyper index ON on input line 6355.
Package hyperref Info: backreferencing OFF on input line 6362.
Package hyperref Info: Link coloring OFF on input line 6367.
Package hyperref Info: Link coloring with OCG OFF on input line 6372.
Package hyperref Info: PDF/A mode OFF on input line 6377.
LaTeX Info: Redefining \ref on input line 6417.
LaTeX Info: Redefining \pageref on input line 6421.

(c:/Users/Cleber.PROFCLEBER/AppData/Roaming/TinyTeX/texmf-dist/tex/generic/atbe
gshi/atbegshi.sty
Package: atbegshi 2019/12/05 v1.19 At begin shipout hook (HO)
)
\Hy@abspage=\count194
\c@Item=\count195
\c@Hfootnote=\count196
)
Package hyperref Info: Driver (autodetected): hpdftex.

(c:/Users/Cleber.PROFCLEBER/AppData/Roaming/TinyTeX/texmf-dist/tex/latex/hyperr
ef/hpdftex.def
File: hpdftex.def 2020-05-15 v7.00e Hyperref driver for pdfTeX

(c:/Users/Cleber.PROFCLEBER/AppData/Roaming/TinyTeX/texmf-dist/tex/latex/atvery
end/atveryend.sty
Package: atveryend 2019-12-11 v1.11 Hooks at the very end of document (HO)
Package atveryend Info: \enddocument detected (standard20110627).
)
\Fld@listcount=\count197
\c@bookmark@seq@number=\count198

(c:/Users/Cleber.PROFCLEBER/AppData/Roaming/TinyTeX/texmf-dist/tex/latex/rerunf
ilecheck/rerunfilecheck.sty
Package: rerunfilecheck 2019/12/05 v1.9 Rerun checks for auxiliary files (HO)

(c:/Users/Cleber.PROFCLEBER/AppData/Roaming/TinyTeX/texmf-dist/tex/generic/uniq
uecounter/uniquecounter.sty
Package: uniquecounter 2019/12/15 v1.4 Provide unlimited unique counter (HO)
)
Package uniquecounter Info: New unique counter `rerunfilecheck' on input line 2
86.
)
\Hy@SectionHShift=\skip52
)
(c:/Users/Cleber.PROFCLEBER/AppData/Roaming/TinyTeX/texmf-dist/tex/latex/geomet
ry/geometry.sty
Package: geometry 2020/01/02 v5.9 Page Geometry

(c:/Users/Cleber.PROFCLEBER/AppData/Roaming/TinyTeX/texmf-dist/tex/generic/ifte
x/ifvtex.sty
Package: ifvtex 2019/10/25 v1.7 ifvtex legacy package. Use iftex instead.
)
\Gm@cnth=\count199
\Gm@cntv=\count266
\c@Gm@tempcnt=\count267
\Gm@bindingoffset=\dimen148
\Gm@wd@mp=\dimen149
\Gm@odd@mp=\dimen150
\Gm@even@mp=\dimen151
\Gm@layoutwidth=\dimen152
\Gm@layoutheight=\dimen153
\Gm@layouthoffset=\dimen154
\Gm@layoutvoffset=\dimen155
\Gm@dimlist=\toks24
)
(c:/Users/Cleber.PROFCLEBER/AppData/Roaming/TinyTeX/texmf-dist/tex/latex/fancyv
rb/fancyvrb.sty
Package: fancyvrb 2020/05/03 v3.6 verbatim text (tvz,hv)
\FV@CodeLineNo=\count268
\FV@InFile=\read2
\FV@TabBox=\box47
\c@FancyVerbLine=\count269
\FV@StepNumber=\count270
\FV@OutFile=\write3
)
(c:/Users/Cleber.PROFCLEBER/AppData/Roaming/TinyTeX/texmf-dist/tex/latex/framed
/framed.sty
Package: framed 2011/10/22 v 0.96: framed or shaded text with page breaks
\OuterFrameSep=\skip53
\fb@frw=\dimen156
\fb@frh=\dimen157
\FrameRule=\dimen158
\FrameSep=\dimen159
)
(c:/Users/Cleber.PROFCLEBER/AppData/Roaming/TinyTeX/texmf-dist/tex/latex/tools/
longtable.sty
Package: longtable 2020/01/07 v4.13 Multi-page Table package (DPC)
\LTleft=\skip54
\LTright=\skip55
\LTpre=\skip56
\LTpost=\skip57
\LTchunksize=\count271
\LTcapwidth=\dimen160
\LT@head=\box48
\LT@firsthead=\box49
\LT@foot=\box50
\LT@lastfoot=\box51
\LT@cols=\count272
\LT@rows=\count273
\c@LT@tables=\count274
\c@LT@chunks=\count275
\LT@p@ftn=\toks25
)
(c:/Users/Cleber.PROFCLEBER/AppData/Roaming/TinyTeX/texmf-dist/tex/latex/bookta
bs/booktabs.sty
Package: booktabs 2020/01/12 v1.61803398 Publication quality tables
\heavyrulewidth=\dimen161
\lightrulewidth=\dimen162
\cmidrulewidth=\dimen163
\belowrulesep=\dimen164
\belowbottomsep=\dimen165
\aboverulesep=\dimen166
\abovetopsep=\dimen167
\cmidrulesep=\dimen168
\cmidrulekern=\dimen169
\defaultaddspace=\dimen170
\@cmidla=\count276
\@cmidlb=\count277
\@aboverulesep=\dimen171
\@belowrulesep=\dimen172
\@thisruleclass=\count278
\@lastruleclass=\count279
\@thisrulewidth=\dimen173
)
(c:/Users/Cleber.PROFCLEBER/AppData/Roaming/TinyTeX/texmf-dist/tex/latex/etoolb
ox/etoolbox.sty
Package: etoolbox 2020/07/15 v2.5i e-TeX tools for LaTeX (JAW)
\etb@tempcnta=\count280
)
(c:/Users/Cleber.PROFCLEBER/AppData/Roaming/TinyTeX/texmf-dist/tex/latex/mdwtoo
ls/footnote.sty
Package: footnote 1997/01/28 1.13 Save footnotes around boxes
\fn@notes=\box52
\fn@width=\dimen174
)
(c:/Users/Cleber.PROFCLEBER/AppData/Roaming/TinyTeX/texmf-dist/tex/latex/graphi
cs/graphicx.sty
Package: graphicx 2019/11/30 v1.2a Enhanced LaTeX Graphics (DPC,SPQR)

(c:/Users/Cleber.PROFCLEBER/AppData/Roaming/TinyTeX/texmf-dist/tex/latex/graphi
cs/graphics.sty
Package: graphics 2019/11/30 v1.4a Standard LaTeX Graphics (DPC,SPQR)

(c:/Users/Cleber.PROFCLEBER/AppData/Roaming/TinyTeX/texmf-dist/tex/latex/graphi
cs/trig.sty
Package: trig 2016/01/03 v1.10 sin cos tan (DPC)
)
(c:/Users/Cleber.PROFCLEBER/AppData/Roaming/TinyTeX/texmf-dist/tex/latex/graphi
cs-cfg/graphics.cfg
File: graphics.cfg 2016/06/04 v1.11 sample graphics configuration
)
Package graphics Info: Driver file: pdftex.def on input line 105.
)
\Gin@req@height=\dimen175
\Gin@req@width=\dimen176
)
(c:/Users/Cleber.PROFCLEBER/AppData/Roaming/TinyTeX/texmf-dist/tex/latex/grffil
e/grffile.sty
Package: grffile 2019/11/11 v2.1 Extended file name support for graphics (legac
y)
Package grffile Info: This package is an empty stub for compatibility on input 
line 40.
)
(c:/Users/Cleber.PROFCLEBER/AppData/Roaming/TinyTeX/texmf-dist/tex/latex/amscls
/amsthm.sty
Package: amsthm 2020/05/29 v2.20.6
\thm@style=\toks26
\thm@bodyfont=\toks27
\thm@headfont=\toks28
\thm@notefont=\toks29
\thm@headpunct=\toks30
\thm@preskip=\skip58
\thm@postskip=\skip59
\thm@headsep=\skip60
\dth@everypar=\toks31
)
(c:/Users/Cleber.PROFCLEBER/AppData/Roaming/TinyTeX/texmf-dist/tex/latex/bbm-ma
cros/bbm.sty
Package: bbm 1999/03/15 V 1.2 provides fonts for set symbols - TH
LaTeX Font Info:    Overwriting math alphabet `\mathbbm' in version `bold'
(Font)                  U/bbm/m/n --> U/bbm/bx/n on input line 33.
LaTeX Font Info:    Overwriting math alphabet `\mathbbmss' in version `bold'
(Font)                  U/bbmss/m/n --> U/bbmss/bx/n on input line 35.
)
(c:/Users/Cleber.PROFCLEBER/AppData/Roaming/TinyTeX/texmf-dist/tex/latex/l3back
end/l3backend-pdfmode.def
File: l3backend-pdfmode.def 2020-06-29 L3 backend support: PDF mode
\l__kernel_color_stack_int=\count281
\l__pdf_internal_box=\box53
) (./R-aplicado-a-suinocultura.aux

LaTeX Warning: Label `histogramas' multiply defined.

)
\openout1 = `R-aplicado-a-suinocultura.aux'.

LaTeX Font Info:    Checking defaults for OML/cmm/m/it on input line 136.
LaTeX Font Info:    ... okay on input line 136.
LaTeX Font Info:    Checking defaults for OMS/cmsy/m/n on input line 136.
LaTeX Font Info:    ... okay on input line 136.
LaTeX Font Info:    Checking defaults for OT1/cmr/m/n on input line 136.
LaTeX Font Info:    ... okay on input line 136.
LaTeX Font Info:    Checking defaults for T1/cmr/m/n on input line 136.
LaTeX Font Info:    ... okay on input line 136.
LaTeX Font Info:    Checking defaults for TS1/cmr/m/n on input line 136.
LaTeX Font Info:    ... okay on input line 136.
LaTeX Font Info:    Checking defaults for OMX/cmex/m/n on input line 136.
LaTeX Font Info:    ... okay on input line 136.
LaTeX Font Info:    Checking defaults for U/cmr/m/n on input line 136.
LaTeX Font Info:    ... okay on input line 136.
LaTeX Font Info:    Checking defaults for PD1/pdf/m/n on input line 136.
LaTeX Font Info:    ... okay on input line 136.
LaTeX Font Info:    Checking defaults for PU/pdf/m/n on input line 136.
LaTeX Font Info:    ... okay on input line 136.

(c:/Users/Cleber.PROFCLEBER/AppData/Roaming/TinyTeX/texmf-dist/tex/latex/epstop
df-pkg/epstopdf-base.sty
Package: epstopdf-base 2020-01-24 v2.11 Base part for package epstopdf
Package epstopdf-base Info: Redefining graphics rule for `.eps' on input line 4
85.

(c:/Users/Cleber.PROFCLEBER/AppData/Roaming/TinyTeX/texmf-dist/tex/latex/latexc
onfig/epstopdf-sys.cfg
File: epstopdf-sys.cfg 2010/07/13 v1.3 Configuration of (r)epstopdf for TeX Liv
e
))
\AtBeginShipoutBox=\box54
Package hyperref Info: Link coloring OFF on input line 136.

(c:/Users/Cleber.PROFCLEBER/AppData/Roaming/TinyTeX/texmf-dist/tex/latex/hyperr
ef/nameref.sty
Package: nameref 2019/09/16 v2.46 Cross-referencing by name of section

(c:/Users/Cleber.PROFCLEBER/AppData/Roaming/TinyTeX/texmf-dist/tex/latex/refcou
nt/refcount.sty
Package: refcount 2019/12/15 v3.6 Data extraction from label references (HO)
)
(c:/Users/Cleber.PROFCLEBER/AppData/Roaming/TinyTeX/texmf-dist/tex/generic/gett
itlestring/gettitlestring.sty
Package: gettitlestring 2019/12/15 v1.6 Cleanup title references (HO)
)
\c@section@level=\count282
)
LaTeX Info: Redefining \ref on input line 136.
LaTeX Info: Redefining \pageref on input line 136.
LaTeX Info: Redefining \nameref on input line 136.
(./R-aplicado-a-suinocultura.out) (./R-aplicado-a-suinocultura.out)
\@outlinefile=\write4
\openout4 = `R-aplicado-a-suinocultura.out'.

*geometry* driver: auto-detecting
*geometry* detected driver: pdftex
*geometry* verbose mode - [ preamble ] result:
* driver: pdftex
* paper: <default>
* layout: <same size as paper>
* layoutoffset:(h,v)=(0.0pt,0.0pt)
* modes: twoside 
* h-part:(L,W,R)=(57.81621pt, 498.66258pt, 57.81621pt)
* v-part:(T,H,B)=(57.81621pt, 679.33757pt, 57.81621pt)
* \paperwidth=614.295pt
* \paperheight=794.96999pt
* \textwidth=498.66258pt
* \textheight=679.33757pt
* \oddsidemargin=-14.45378pt
* \evensidemargin=-14.45378pt
* \topmargin=-44.52127pt
* \headheight=12.0pt
* \headsep=18.06749pt
* \topskip=10.0pt
* \footskip=25.29494pt
* \marginparwidth=125.0pt
* \marginparsep=7.0pt
* \columnsep=10.0pt
* \skip\footins=9.0pt plus 4.0pt minus 2.0pt
* \hoffset=0.0pt
* \voffset=0.0pt
* \mag=1000
* \@twocolumnfalse
* \@twosidetrue
* \@mparswitchtrue
* \@reversemarginfalse
* (1in=72.27pt=25.4mm, 1cm=28.453pt)

LaTeX Font Info:    Trying to load font information for OT1+lmr on input line 1
38.

(c:/Users/Cleber.PROFCLEBER/AppData/Roaming/TinyTeX/texmf-dist/tex/latex/lm/ot1
lmr.fd
File: ot1lmr.fd 2009/10/30 v1.6 Font defs for Latin Modern
)
LaTeX Font Info:    Trying to load font information for OML+lmm on input line 1
38.

(c:/Users/Cleber.PROFCLEBER/AppData/Roaming/TinyTeX/texmf-dist/tex/latex/lm/oml
lmm.fd
File: omllmm.fd 2009/10/30 v1.6 Font defs for Latin Modern
)
LaTeX Font Info:    Trying to load font information for OMS+lmsy on input line 
138.

(c:/Users/Cleber.PROFCLEBER/AppData/Roaming/TinyTeX/texmf-dist/tex/latex/lm/oms
lmsy.fd
File: omslmsy.fd 2009/10/30 v1.6 Font defs for Latin Modern
)
LaTeX Font Info:    Trying to load font information for OMX+lmex on input line 
138.

(c:/Users/Cleber.PROFCLEBER/AppData/Roaming/TinyTeX/texmf-dist/tex/latex/lm/omx
lmex.fd
File: omxlmex.fd 2009/10/30 v1.6 Font defs for Latin Modern
)
LaTeX Font Info:    External font `lmex10' loaded for size
(Font)              <12> on input line 138.
LaTeX Font Info:    External font `lmex10' loaded for size
(Font)              <8> on input line 138.
LaTeX Font Info:    External font `lmex10' loaded for size
(Font)              <6> on input line 138.
LaTeX Font Info:    Trying to load font information for U+msa on input line 138
.

(c:/Users/Cleber.PROFCLEBER/AppData/Roaming/TinyTeX/texmf-dist/tex/latex/amsfon
ts/umsa.fd
File: umsa.fd 2013/01/14 v3.01 AMS symbols A
)
LaTeX Font Info:    Trying to load font information for U+msb on input line 138
.

(c:/Users/Cleber.PROFCLEBER/AppData/Roaming/TinyTeX/texmf-dist/tex/latex/amsfon
ts/umsb.fd
File: umsb.fd 2013/01/14 v3.01 AMS symbols B
) [1


{c:/Users/Cleber.PROFCLEBER/AppData/Roaming/TinyTeX/texmf-var/fonts/map/pdftex/
updmap/pdftex.map}] [2

] (./R-aplicado-a-suinocultura.toc
LaTeX Font Info:    External font `lmex10' loaded for size
(Font)              <10> on input line 2.
LaTeX Font Info:    External font `lmex10' loaded for size
(Font)              <7> on input line 2.
LaTeX Font Info:    External font `lmex10' loaded for size
(Font)              <5> on input line 2.
LaTeX Font Info:    Trying to load font information for T1+lmtt on input line 4
.

(c:/Users/Cleber.PROFCLEBER/AppData/Roaming/TinyTeX/texmf-dist/tex/latex/lm/t1l
mtt.fd
File: t1lmtt.fd 2009/10/30 v1.6 Font defs for Latin Modern
)
LaTeX Font Info:    Font shape `T1/lmtt/bx/n' in size <10> not available
(Font)              Font shape `T1/lmtt/b/n' tried instead on input line 4.
[3])
\tf@toc=\write5
\openout5 = `R-aplicado-a-suinocultura.toc'.

<cover.jpg, id=211, 731.73375pt x 818.30719pt>
File: cover.jpg Graphic file (type jpg)
<use cover.jpg>
Package pdftex.def Info: cover.jpg  used on input line 145.
(pdftex.def)             Requested size: 498.66656pt x 557.66519pt.
[4] [5 <./cover.jpg>] [6

]
File: cover.jpg Graphic file (type jpg)
<use cover.jpg>
Package pdftex.def Info: cover.jpg  used on input line 155.
(pdftex.def)             Requested size: 498.66656pt x 557.66519pt.
<Figuras/pigsi3_1.png, id=228, 707.64375pt x 473.51906pt>
File: Figuras/pigsi3_1.png Graphic file (type png)
<use Figuras/pigsi3_1.png>
Package pdftex.def Info: Figuras/pigsi3_1.png  used on input line 175.
(pdftex.def)             Requested size: 548.53702pt x 367.05293pt.

Overfull \hbox (49.87444pt too wide) in paragraph at lines 175--176
[][] 
 []


Underfull \vbox (badness 10000) has occurred while \output is active []

[7] [8] [9 <./Figuras/pigsi3_1.png>] [10

]
Chapter 1.
LaTeX Font Info:    Font shape `T1/lmtt/bx/n' in size <24.88> not available
(Font)              Font shape `T1/lmtt/b/n' tried instead on input line 178.
<Figuras/pigf2.png, id=254, 612.03656pt x 356.83313pt>
File: Figuras/pigf2.png Graphic file (type png)
<use Figuras/pigf2.png>
Package pdftex.def Info: Figuras/pigf2.png  used on input line 183.
(pdftex.def)             Requested size: 448.79085pt x 261.65665pt.
LaTeX Font Info:    Font shape `T1/lmtt/bx/n' in size <14.4> not available
(Font)              Font shape `T1/lmtt/b/n' tried instead on input line 187.
<Figuras/CRAN.png, id=257, 1237.62375pt x 686.565pt>
File: Figuras/CRAN.png Graphic file (type png)
<use Figuras/CRAN.png>
Package pdftex.def Info: Figuras/CRAN.png  used on input line 197.
(pdftex.def)             Requested size: 448.79236pt x 248.9651pt.

Underfull \vbox (badness 1655) has occurred while \output is active []

[11 <./Figuras/pigf2.png>]
<Figuras/RStudio.png, id=269, 1264.725pt x 738.50906pt>
File: Figuras/RStudio.png Graphic file (type png)
<use Figuras/RStudio.png>
Package pdftex.def Info: Figuras/RStudio.png  used on input line 216.
(pdftex.def)             Requested size: 448.7779pt x 262.05423pt.

LaTeX Warning: Reference `fig:rstudio2' on page 12 undefined on input line 230.


[12 <./Figuras/CRAN.png>]
<Figuras/RStudio2.png, id=280, 1264.725pt x 736.25063pt>
File: Figuras/RStudio2.png Graphic file (type png)
<use Figuras/RStudio2.png>
Package pdftex.def Info: Figuras/RStudio2.png  used on input line 237.
(pdftex.def)             Requested size: 1167.05411pt x 679.3922pt.

Overfull \hbox (668.39153pt too wide) in paragraph at lines 237--237
[][] 
 []


LaTeX Warning: Float too large for page by 23.99905pt on input line 238.

<Figuras/RStudio3.png, id=281, 1259.4553pt x 735.49782pt>
File: Figuras/RStudio3.png Graphic file (type png)
<use Figuras/RStudio3.png>
Package pdftex.def Info: Figuras/RStudio3.png  used on input line 240.
(pdftex.def)             Requested size: 1163.36365pt x 679.38213pt.

Overfull \hbox (664.70107pt too wide) in paragraph at lines 240--240
[][] 
 []


LaTeX Warning: Float too large for page by 23.98898pt on input line 241.

<Figuras/RStudioCloud.png, id=284, 1349.04pt x 752.8125pt>
File: Figuras/RStudioCloud.png Graphic file (type png)
<use Figuras/RStudioCloud.png>
Package pdftex.def Info: Figuras/RStudioCloud.png  used on input line 254.
(pdftex.def)             Requested size: 448.7869pt x 250.4391pt.
<Figuras/RStudioCloud2.png, id=285, 1423.56844pt x 750.55406pt>
File: Figuras/RStudioCloud2.png Graphic file (type png)
<use Figuras/RStudioCloud2.png>
Package pdftex.def Info: Figuras/RStudioCloud2.png  used on input line 260.
(pdftex.def)             Requested size: 448.77399pt x 236.60902pt.
[13 <./Figuras/RStudio.png>] [14 <./Figuras/RStudio2.png>] [15 <./Figuras/RStud
io3.png>] [16 <./Figuras/RStudioCloud.png> <./Figuras/RStudioCloud2.png>]
LaTeX Font Info:    Trying to load font information for TS1+lmr on input line 2
94.

(c:/Users/Cleber.PROFCLEBER/AppData/Roaming/TinyTeX/texmf-dist/tex/latex/lm/ts1
lmr.fd
File: ts1lmr.fd 2009/10/30 v1.6 Font defs for Latin Modern
)
<Figuras/sqrt.png, id=312, 841.64438pt x 469.755pt>
File: Figuras/sqrt.png Graphic file (type png)
<use Figuras/sqrt.png>
Package pdftex.def Info: Figuras/sqrt.png  used on input line 313.
(pdftex.def)             Requested size: 448.792pt x 250.48856pt.
<Figuras/sqrt3.png, id=315, 397.485pt x 72.27pt>
File: Figuras/sqrt3.png Graphic file (type png)
<use Figuras/sqrt3.png>
Package pdftex.def Info: Figuras/sqrt3.png  used on input line 324.
(pdftex.def)             Requested size: 397.50221pt x 72.2731pt.
<Figuras/sqrt2.png, id=316, 655.69969pt x 429.85594pt>
File: Figuras/sqrt2.png Graphic file (type png)
<use Figuras/sqrt2.png>
Package pdftex.def Info: Figuras/sqrt2.png  used on input line 328.
(pdftex.def)             Requested size: 448.7914pt x 294.21341pt.
LaTeX Font Info:    Font shape `T1/lmtt/bx/n' in size <12> not available
(Font)              Font shape `T1/lmtt/b/n' tried instead on input line 332.
[17] [18 <./Figuras/sqrt.png> <./Figuras/sqrt3.png>]
Overfull \vbox (274.56546pt too high) has occurred while \output is active []

[19 <./Figuras/sqrt2.png>] [20]
<Figuras/pig_if.png, id=371, 963.6pt x 669.2503pt>
File: Figuras/pig_if.png Graphic file (type png)
<use Figuras/pig_if.png>
Package pdftex.def Info: Figuras/pig_if.png  used on input line 554.
(pdftex.def)             Requested size: 398.93083pt x 277.06992pt.
[21 <./Figuras/pig_if.png>] [22] [23] [24] [25] [26] [27] [28] [29] [30] [31] [
32] [33]
<Figuras/rab_lista.png, id=478, 481.04718pt x 320.69812pt>
File: Figuras/rab_lista.png Graphic file (type png)
<use Figuras/rab_lista.png>
Package pdftex.def Info: Figuras/rab_lista.png  used on input line 1776.
(pdftex.def)             Requested size: 448.80058pt x 299.20038pt.
[34] [35 <./Figuras/rab_lista.png>] [36] [37] [38] [39] [40]
Chapter 2.
<Figuras/pigl3.png, id=538, 612.03656pt x 356.83313pt>
File: Figuras/pigl3.png Graphic file (type png)
<use Figuras/pigl3.png>
Package pdftex.def Info: Figuras/pigl3.png  used on input line 2218.
(pdftex.def)             Requested size: 448.79085pt x 261.65665pt.
[41

 <./Figuras/pigl3.png>] [42] [43] [44]
<Figuras/opendata.png, id=577, 942.52126pt x 577.40718pt>
File: Figuras/opendata.png Graphic file (type png)
<use Figuras/opendata.png>
Package pdftex.def Info: Figuras/opendata.png  used on input line 2488.
(pdftex.def)             Requested size: 493.68054pt x 302.43848pt.
[45 <./Figuras/opendata.png>] [46] [47] [48] [49] [50]
<R-aplicado-a-suinocultura_files/figure-latex/unnamed-chunk-93-1.pdf, id=624, 4
69.755pt x 325.215pt>
File: R-aplicado-a-suinocultura_files/figure-latex/unnamed-chunk-93-1.pdf Graph
ic file (type pdf)
<use R-aplicado-a-suinocultura_files/figure-latex/unnamed-chunk-93-1.pdf>
Package pdftex.def Info: R-aplicado-a-suinocultura_files/figure-latex/unnamed-c
hunk-93-1.pdf  used on input line 2925.
(pdftex.def)             Requested size: 469.75386pt x 325.2142pt.

Underfull \hbox (badness 10000) in paragraph at lines 2925--2927
[][]
 []

<R-aplicado-a-suinocultura_files/figure-latex/unnamed-chunk-94-1.pdf, id=625, 4
69.755pt x 325.215pt>
File: R-aplicado-a-suinocultura_files/figure-latex/unnamed-chunk-94-1.pdf Graph
ic file (type pdf)
<use R-aplicado-a-suinocultura_files/figure-latex/unnamed-chunk-94-1.pdf>
Package pdftex.def Info: R-aplicado-a-suinocultura_files/figure-latex/unnamed-c
hunk-94-1.pdf  used on input line 2947.
(pdftex.def)             Requested size: 469.75386pt x 325.2142pt.

Underfull \vbox (badness 6396) has occurred while \output is active []

[51 <./R-aplicado-a-suinocultura_files/figure-latex/unnamed-chunk-93-1.pdf>]
<R-aplicado-a-suinocultura_files/figure-latex/ps0-1.pdf, id=635, 469.755pt x 32
5.215pt>
File: R-aplicado-a-suinocultura_files/figure-latex/ps0-1.pdf Graphic file (type
 pdf)
<use R-aplicado-a-suinocultura_files/figure-latex/ps0-1.pdf>
Package pdftex.def Info: R-aplicado-a-suinocultura_files/figure-latex/ps0-1.pdf
  used on input line 2961.
(pdftex.def)             Requested size: 224.39749pt x 155.3521pt.
<R-aplicado-a-suinocultura_files/figure-latex/ps0-2.pdf, id=636, 469.755pt x 32
5.215pt>
File: R-aplicado-a-suinocultura_files/figure-latex/ps0-2.pdf Graphic file (type
 pdf)
<use R-aplicado-a-suinocultura_files/figure-latex/ps0-2.pdf>
Package pdftex.def Info: R-aplicado-a-suinocultura_files/figure-latex/ps0-2.pdf
  used on input line 2961.
(pdftex.def)             Requested size: 224.39749pt x 155.3521pt.
<R-aplicado-a-suinocultura_files/figure-latex/ps01-1.pdf, id=637, 469.755pt x 3
25.215pt>
File: R-aplicado-a-suinocultura_files/figure-latex/ps01-1.pdf Graphic file (typ
e pdf)
<use R-aplicado-a-suinocultura_files/figure-latex/ps01-1.pdf>
Package pdftex.def Info: R-aplicado-a-suinocultura_files/figure-latex/ps01-1.pd
f  used on input line 2972.
(pdftex.def)             Requested size: 224.39749pt x 155.3521pt.
<R-aplicado-a-suinocultura_files/figure-latex/ps01-2.pdf, id=638, 469.755pt x 3
25.215pt>
File: R-aplicado-a-suinocultura_files/figure-latex/ps01-2.pdf Graphic file (typ
e pdf)
<use R-aplicado-a-suinocultura_files/figure-latex/ps01-2.pdf>
Package pdftex.def Info: R-aplicado-a-suinocultura_files/figure-latex/ps01-2.pd
f  used on input line 2972.
(pdftex.def)             Requested size: 224.39749pt x 155.3521pt.
[52 <./R-aplicado-a-suinocultura_files/figure-latex/unnamed-chunk-94-1.pdf> <./
R-aplicado-a-suinocultura_files/figure-latex/ps0-1.pdf> <./R-aplicado-a-suinocu
ltura_files/figure-latex/ps0-2.pdf>]
<R-aplicado-a-suinocultura_files/figure-latex/ps02-1.pdf, id=661, 469.755pt x 3
25.215pt>
File: R-aplicado-a-suinocultura_files/figure-latex/ps02-1.pdf Graphic file (typ
e pdf)
<use R-aplicado-a-suinocultura_files/figure-latex/ps02-1.pdf>
Package pdftex.def Info: R-aplicado-a-suinocultura_files/figure-latex/ps02-1.pd
f  used on input line 2988.
(pdftex.def)             Requested size: 224.39749pt x 155.3521pt.
<R-aplicado-a-suinocultura_files/figure-latex/ps1-1.pdf, id=662, 469.755pt x 32
5.215pt>
File: R-aplicado-a-suinocultura_files/figure-latex/ps1-1.pdf Graphic file (type
 pdf)
<use R-aplicado-a-suinocultura_files/figure-latex/ps1-1.pdf>
Package pdftex.def Info: R-aplicado-a-suinocultura_files/figure-latex/ps1-1.pdf
  used on input line 3002.
(pdftex.def)             Requested size: 469.78969pt x 325.23901pt.
<R-aplicado-a-suinocultura_files/figure-latex/ps1-2.pdf, id=663, 469.755pt x 32
5.215pt>
File: R-aplicado-a-suinocultura_files/figure-latex/ps1-2.pdf Graphic file (type
 pdf)
<use R-aplicado-a-suinocultura_files/figure-latex/ps1-2.pdf>
Package pdftex.def Info: R-aplicado-a-suinocultura_files/figure-latex/ps1-2.pdf
  used on input line 3002.
(pdftex.def)             Requested size: 469.78969pt x 325.23901pt.

Underfull \hbox (badness 10000) in paragraph at lines 3002--3003
[][]
 []


Underfull \vbox (badness 4713) has occurred while \output is active []

[53 <./R-aplicado-a-suinocultura_files/figure-latex/ps01-1.pdf> <./R-aplicado-a
-suinocultura_files/figure-latex/ps01-2.pdf> <./R-aplicado-a-suinocultura_files
/figure-latex/ps02-1.pdf>]
Underfull \vbox (badness 10000) has occurred while \output is active []

[54 <./R-aplicado-a-suinocultura_files/figure-latex/ps1-1.pdf> <./R-aplicado-a-
suinocultura_files/figure-latex/ps1-2.pdf>]
<R-aplicado-a-suinocultura_files/figure-latex/bx00-1.pdf, id=705, 469.755pt x 3
25.215pt>
File: R-aplicado-a-suinocultura_files/figure-latex/bx00-1.pdf Graphic file (typ
e pdf)
<use R-aplicado-a-suinocultura_files/figure-latex/bx00-1.pdf>
Package pdftex.def Info: R-aplicado-a-suinocultura_files/figure-latex/bx00-1.pd
f  used on input line 3016.
(pdftex.def)             Requested size: 224.39749pt x 155.3521pt.
<R-aplicado-a-suinocultura_files/figure-latex/bx00-2.pdf, id=706, 469.755pt x 3
25.215pt>
File: R-aplicado-a-suinocultura_files/figure-latex/bx00-2.pdf Graphic file (typ
e pdf)
<use R-aplicado-a-suinocultura_files/figure-latex/bx00-2.pdf>
Package pdftex.def Info: R-aplicado-a-suinocultura_files/figure-latex/bx00-2.pd
f  used on input line 3016.
(pdftex.def)             Requested size: 224.39749pt x 155.3521pt.
<R-aplicado-a-suinocultura_files/figure-latex/bx0-1.pdf, id=707, 469.755pt x 32
5.215pt>
File: R-aplicado-a-suinocultura_files/figure-latex/bx0-1.pdf Graphic file (type
 pdf)
<use R-aplicado-a-suinocultura_files/figure-latex/bx0-1.pdf>
Package pdftex.def Info: R-aplicado-a-suinocultura_files/figure-latex/bx0-1.pdf
  used on input line 3030.
(pdftex.def)             Requested size: 224.39749pt x 155.3521pt.
<R-aplicado-a-suinocultura_files/figure-latex/bx0-2.pdf, id=708, 469.755pt x 32
5.215pt>
File: R-aplicado-a-suinocultura_files/figure-latex/bx0-2.pdf Graphic file (type
 pdf)
<use R-aplicado-a-suinocultura_files/figure-latex/bx0-2.pdf>
Package pdftex.def Info: R-aplicado-a-suinocultura_files/figure-latex/bx0-2.pdf
  used on input line 3030.
(pdftex.def)             Requested size: 224.39749pt x 155.3521pt.
<R-aplicado-a-suinocultura_files/figure-latex/hs0-1.pdf, id=709, 469.755pt x 32
5.215pt>
File: R-aplicado-a-suinocultura_files/figure-latex/hs0-1.pdf Graphic file (type
 pdf)
<use R-aplicado-a-suinocultura_files/figure-latex/hs0-1.pdf>
Package pdftex.def Info: R-aplicado-a-suinocultura_files/figure-latex/hs0-1.pdf
  used on input line 3044.
(pdftex.def)             Requested size: 224.39749pt x 155.3521pt.
<R-aplicado-a-suinocultura_files/figure-latex/hs0-2.pdf, id=710, 469.755pt x 32
5.215pt>
File: R-aplicado-a-suinocultura_files/figure-latex/hs0-2.pdf Graphic file (type
 pdf)
<use R-aplicado-a-suinocultura_files/figure-latex/hs0-2.pdf>
Package pdftex.def Info: R-aplicado-a-suinocultura_files/figure-latex/hs0-2.pdf
  used on input line 3044.
(pdftex.def)             Requested size: 224.39749pt x 155.3521pt.
[55 <./R-aplicado-a-suinocultura_files/figure-latex/bx00-1.pdf> <./R-aplicado-a
-suinocultura_files/figure-latex/bx00-2.pdf> <./R-aplicado-a-suinocultura_files
/figure-latex/bx0-1.pdf> <./R-aplicado-a-suinocultura_files/figure-latex/bx0-2.
pdf>]
<R-aplicado-a-suinocultura_files/figure-latex/ds1-1.pdf, id=744, 469.755pt x 32
5.215pt>
File: R-aplicado-a-suinocultura_files/figure-latex/ds1-1.pdf Graphic file (type
 pdf)
<use R-aplicado-a-suinocultura_files/figure-latex/ds1-1.pdf>
Package pdftex.def Info: R-aplicado-a-suinocultura_files/figure-latex/ds1-1.pdf
  used on input line 3060.
(pdftex.def)             Requested size: 224.39749pt x 155.3521pt.
<R-aplicado-a-suinocultura_files/figure-latex/qq1-1.pdf, id=745, 469.755pt x 32
5.215pt>
File: R-aplicado-a-suinocultura_files/figure-latex/qq1-1.pdf Graphic file (type
 pdf)
<use R-aplicado-a-suinocultura_files/figure-latex/qq1-1.pdf>
Package pdftex.def Info: R-aplicado-a-suinocultura_files/figure-latex/qq1-1.pdf
  used on input line 3074.
(pdftex.def)             Requested size: 469.78969pt x 325.23901pt.

Underfull \vbox (badness 1917) has occurred while \output is active []

[56 <./R-aplicado-a-suinocultura_files/figure-latex/hs0-1.pdf> <./R-aplicado-a-
suinocultura_files/figure-latex/hs0-2.pdf> <./R-aplicado-a-suinocultura_files/f
igure-latex/ds1-1.pdf>]
<R-aplicado-a-suinocultura_files/figure-latex/qq2-1.pdf, id=772, 469.755pt x 32
5.215pt>
File: R-aplicado-a-suinocultura_files/figure-latex/qq2-1.pdf Graphic file (type
 pdf)
<use R-aplicado-a-suinocultura_files/figure-latex/qq2-1.pdf>
Package pdftex.def Info: R-aplicado-a-suinocultura_files/figure-latex/qq2-1.pdf
  used on input line 3091.
(pdftex.def)             Requested size: 469.78969pt x 325.23901pt.

Underfull \vbox (badness 10000) has occurred while \output is active []

[57 <./R-aplicado-a-suinocultura_files/figure-latex/qq1-1.pdf>] [58 <./R-aplica
do-a-suinocultura_files/figure-latex/qq2-1.pdf>]
<R-aplicado-a-suinocultura_files/figure-latex/lm1-1.pdf, id=795, 469.755pt x 32
5.215pt>
File: R-aplicado-a-suinocultura_files/figure-latex/lm1-1.pdf Graphic file (type
 pdf)
<use R-aplicado-a-suinocultura_files/figure-latex/lm1-1.pdf>
Package pdftex.def Info: R-aplicado-a-suinocultura_files/figure-latex/lm1-1.pdf
  used on input line 3130.
(pdftex.def)             Requested size: 469.75386pt x 325.2142pt.
[59 <./R-aplicado-a-suinocultura_files/figure-latex/lm1-1.pdf>]
<R-aplicado-a-suinocultura_files/figure-latex/lm5-1.pdf, id=805, 469.755pt x 32
5.215pt>
File: R-aplicado-a-suinocultura_files/figure-latex/lm5-1.pdf Graphic file (type
 pdf)
<use R-aplicado-a-suinocultura_files/figure-latex/lm5-1.pdf>
Package pdftex.def Info: R-aplicado-a-suinocultura_files/figure-latex/lm5-1.pdf
  used on input line 3236.
(pdftex.def)             Requested size: 224.39749pt x 155.3521pt.
<R-aplicado-a-suinocultura_files/figure-latex/lm5-2.pdf, id=806, 469.755pt x 32
5.215pt>
File: R-aplicado-a-suinocultura_files/figure-latex/lm5-2.pdf Graphic file (type
 pdf)
<use R-aplicado-a-suinocultura_files/figure-latex/lm5-2.pdf>
Package pdftex.def Info: R-aplicado-a-suinocultura_files/figure-latex/lm5-2.pdf
  used on input line 3236.
(pdftex.def)             Requested size: 224.39749pt x 155.3521pt.
[60 <./R-aplicado-a-suinocultura_files/figure-latex/lm5-1.pdf> <./R-aplicado-a-
suinocultura_files/figure-latex/lm5-2.pdf>]
<R-aplicado-a-suinocultura_files/figure-latex/lm6-1.pdf, id=830, 469.755pt x 32
5.215pt>
File: R-aplicado-a-suinocultura_files/figure-latex/lm6-1.pdf Graphic file (type
 pdf)
<use R-aplicado-a-suinocultura_files/figure-latex/lm6-1.pdf>
Package pdftex.def Info: R-aplicado-a-suinocultura_files/figure-latex/lm6-1.pdf
  used on input line 3256.
(pdftex.def)             Requested size: 224.39749pt x 155.3521pt.
<R-aplicado-a-suinocultura_files/figure-latex/lm6-2.pdf, id=831, 469.755pt x 32
5.215pt>
File: R-aplicado-a-suinocultura_files/figure-latex/lm6-2.pdf Graphic file (type
 pdf)
<use R-aplicado-a-suinocultura_files/figure-latex/lm6-2.pdf>
Package pdftex.def Info: R-aplicado-a-suinocultura_files/figure-latex/lm6-2.pdf
  used on input line 3256.
(pdftex.def)             Requested size: 224.39749pt x 155.3521pt.
[61 <./R-aplicado-a-suinocultura_files/figure-latex/lm6-1.pdf> <./R-aplicado-a-
suinocultura_files/figure-latex/lm6-2.pdf>]
<R-aplicado-a-suinocultura_files/figure-latex/lm9-1.pdf, id=850, 469.755pt x 32
5.215pt>
File: R-aplicado-a-suinocultura_files/figure-latex/lm9-1.pdf Graphic file (type
 pdf)
<use R-aplicado-a-suinocultura_files/figure-latex/lm9-1.pdf>
Package pdftex.def Info: R-aplicado-a-suinocultura_files/figure-latex/lm9-1.pdf
  used on input line 3308.
(pdftex.def)             Requested size: 224.39749pt x 155.3521pt.
<R-aplicado-a-suinocultura_files/figure-latex/lm9-2.pdf, id=851, 469.755pt x 32
5.215pt>
File: R-aplicado-a-suinocultura_files/figure-latex/lm9-2.pdf Graphic file (type
 pdf)
<use R-aplicado-a-suinocultura_files/figure-latex/lm9-2.pdf>
Package pdftex.def Info: R-aplicado-a-suinocultura_files/figure-latex/lm9-2.pdf
  used on input line 3308.
(pdftex.def)             Requested size: 224.39749pt x 155.3521pt.
[62 <./R-aplicado-a-suinocultura_files/figure-latex/lm9-1.pdf> <./R-aplicado-a-
suinocultura_files/figure-latex/lm9-2.pdf>]
Chapter 3.
<Figuras/pigb2.png, id=872, 612.03656pt x 356.83313pt>
File: Figuras/pigb2.png Graphic file (type png)
<use Figuras/pigb2.png>
Package pdftex.def Info: Figuras/pigb2.png  used on input line 3415.
(pdftex.def)             Requested size: 448.79085pt x 261.65665pt.

Underfull \vbox (badness 10000) has occurred while \output is active []

[63

 <./Figuras/pigb2.png>]
<R-aplicado-a-suinocultura_files/figure-latex/gbs0-1.pdf, id=882, 469.755pt x 3
25.215pt>
File: R-aplicado-a-suinocultura_files/figure-latex/gbs0-1.pdf Graphic file (typ
e pdf)
<use R-aplicado-a-suinocultura_files/figure-latex/gbs0-1.pdf>
Package pdftex.def Info: R-aplicado-a-suinocultura_files/figure-latex/gbs0-1.pd
f  used on input line 3442.
(pdftex.def)             Requested size: 469.75386pt x 325.2142pt.
<R-aplicado-a-suinocultura_files/figure-latex/gsct0-1.pdf, id=883, 469.755pt x 
325.215pt>
File: R-aplicado-a-suinocultura_files/figure-latex/gsct0-1.pdf Graphic file (ty
pe pdf)
<use R-aplicado-a-suinocultura_files/figure-latex/gsct0-1.pdf>
Package pdftex.def Info: R-aplicado-a-suinocultura_files/figure-latex/gsct0-1.p
df  used on input line 3462.
(pdftex.def)             Requested size: 469.75386pt x 325.2142pt.
[64 <./R-aplicado-a-suinocultura_files/figure-latex/gbs0-1.pdf>] [65 <./R-aplic
ado-a-suinocultura_files/figure-latex/gsct0-1.pdf>]
<R-aplicado-a-suinocultura_files/figure-latex/glb0-1.pdf, id=903, 469.755pt x 3
25.215pt>
File: R-aplicado-a-suinocultura_files/figure-latex/glb0-1.pdf Graphic file (typ
e pdf)
<use R-aplicado-a-suinocultura_files/figure-latex/glb0-1.pdf>
Package pdftex.def Info: R-aplicado-a-suinocultura_files/figure-latex/glb0-1.pd
f  used on input line 3477.
(pdftex.def)             Requested size: 469.75386pt x 325.2142pt.
<R-aplicado-a-suinocultura_files/figure-latex/gfr0-1.pdf, id=904, 469.755pt x 3
25.215pt>
File: R-aplicado-a-suinocultura_files/figure-latex/gfr0-1.pdf Graphic file (typ
e pdf)
<use R-aplicado-a-suinocultura_files/figure-latex/gfr0-1.pdf>
Package pdftex.def Info: R-aplicado-a-suinocultura_files/figure-latex/gfr0-1.pd
f  used on input line 3491.
(pdftex.def)             Requested size: 224.39749pt x 155.3521pt.
<R-aplicado-a-suinocultura_files/figure-latex/gfr0-2.pdf, id=905, 469.755pt x 3
25.215pt>
File: R-aplicado-a-suinocultura_files/figure-latex/gfr0-2.pdf Graphic file (typ
e pdf)
<use R-aplicado-a-suinocultura_files/figure-latex/gfr0-2.pdf>
Package pdftex.def Info: R-aplicado-a-suinocultura_files/figure-latex/gfr0-2.pd
f  used on input line 3491.
(pdftex.def)             Requested size: 224.39749pt x 155.3521pt.
[66 <./R-aplicado-a-suinocultura_files/figure-latex/glb0-1.pdf> <./R-aplicado-a
-suinocultura_files/figure-latex/gfr0-1.pdf> <./R-aplicado-a-suinocultura_files
/figure-latex/gfr0-2.pdf>]
<R-aplicado-a-suinocultura_files/figure-latex/gcg0-1.pdf, id=930, 469.755pt x 3
25.215pt>
File: R-aplicado-a-suinocultura_files/figure-latex/gcg0-1.pdf Graphic file (typ
e pdf)
<use R-aplicado-a-suinocultura_files/figure-latex/gcg0-1.pdf>
Package pdftex.def Info: R-aplicado-a-suinocultura_files/figure-latex/gcg0-1.pd
f  used on input line 3510.
(pdftex.def)             Requested size: 469.75386pt x 325.2142pt.
<R-aplicado-a-suinocultura_files/figure-latex/gcg-1.pdf, id=931, 469.755pt x 32
5.215pt>
File: R-aplicado-a-suinocultura_files/figure-latex/gcg-1.pdf Graphic file (type
 pdf)
<use R-aplicado-a-suinocultura_files/figure-latex/gcg-1.pdf>
Package pdftex.def Info: R-aplicado-a-suinocultura_files/figure-latex/gcg-1.pdf
  used on input line 3527.
(pdftex.def)             Requested size: 469.75386pt x 325.2142pt.
[67 <./R-aplicado-a-suinocultura_files/figure-latex/gcg0-1.pdf>] [68 <./R-aplic
ado-a-suinocultura_files/figure-latex/gcg-1.pdf>]
<R-aplicado-a-suinocultura_files/figure-latex/gsm1-1.pdf, id=957, 469.755pt x 3
25.215pt>
File: R-aplicado-a-suinocultura_files/figure-latex/gsm1-1.pdf Graphic file (typ
e pdf)
<use R-aplicado-a-suinocultura_files/figure-latex/gsm1-1.pdf>
Package pdftex.def Info: R-aplicado-a-suinocultura_files/figure-latex/gsm1-1.pd
f  used on input line 3546.
(pdftex.def)             Requested size: 224.39749pt x 155.3521pt.
<R-aplicado-a-suinocultura_files/figure-latex/gsm1-2.pdf, id=958, 469.755pt x 3
25.215pt>
File: R-aplicado-a-suinocultura_files/figure-latex/gsm1-2.pdf Graphic file (typ
e pdf)
<use R-aplicado-a-suinocultura_files/figure-latex/gsm1-2.pdf>
Package pdftex.def Info: R-aplicado-a-suinocultura_files/figure-latex/gsm1-2.pd
f  used on input line 3546.
(pdftex.def)             Requested size: 224.39749pt x 155.3521pt.
<R-aplicado-a-suinocultura_files/figure-latex/gsp0-1.pdf, id=959, 469.755pt x 3
25.215pt>
File: R-aplicado-a-suinocultura_files/figure-latex/gsp0-1.pdf Graphic file (typ
e pdf)
<use R-aplicado-a-suinocultura_files/figure-latex/gsp0-1.pdf>
Package pdftex.def Info: R-aplicado-a-suinocultura_files/figure-latex/gsp0-1.pd
f  used on input line 3568.
(pdftex.def)             Requested size: 448.79498pt x 310.70421pt.
<R-aplicado-a-suinocultura_files/figure-latex/gcol0-1.pdf, id=960, 469.755pt x 
325.215pt>
File: R-aplicado-a-suinocultura_files/figure-latex/gcol0-1.pdf Graphic file (ty
pe pdf)
<use R-aplicado-a-suinocultura_files/figure-latex/gcol0-1.pdf>
Package pdftex.def Info: R-aplicado-a-suinocultura_files/figure-latex/gcol0-1.p
df  used on input line 3591.
(pdftex.def)             Requested size: 469.75386pt x 325.2142pt.
<R-aplicado-a-suinocultura_files/figure-latex/gcol1-1.pdf, id=961, 469.755pt x 
325.215pt>
File: R-aplicado-a-suinocultura_files/figure-latex/gcol1-1.pdf Graphic file (ty
pe pdf)
<use R-aplicado-a-suinocultura_files/figure-latex/gcol1-1.pdf>
Package pdftex.def Info: R-aplicado-a-suinocultura_files/figure-latex/gcol1-1.p
df  used on input line 3603.
(pdftex.def)             Requested size: 469.75386pt x 325.2142pt.
[69 <./R-aplicado-a-suinocultura_files/figure-latex/gsm1-1.pdf> <./R-aplicado-a
-suinocultura_files/figure-latex/gsm1-2.pdf>] [70 <./R-aplicado-a-suinocultura_
files/figure-latex/gsp0-1.pdf> <./R-aplicado-a-suinocultura_files/figure-latex/
gcol1-1.pdf>] [71 <./R-aplicado-a-suinocultura_files/figure-latex/gcol0-1.pdf>]
<R-aplicado-a-suinocultura_files/figure-latex/gvhline-1.pdf, id=1014, 469.755pt
 x 325.215pt>
File: R-aplicado-a-suinocultura_files/figure-latex/gvhline-1.pdf Graphic file (
type pdf)
<use R-aplicado-a-suinocultura_files/figure-latex/gvhline-1.pdf>
Package pdftex.def Info: R-aplicado-a-suinocultura_files/figure-latex/gvhline-1
.pdf  used on input line 3656.
(pdftex.def)             Requested size: 469.75386pt x 325.2142pt.
<R-aplicado-a-suinocultura_files/figure-latex/gbp13-1.pdf, id=1015, 469.755pt x
 325.215pt>
File: R-aplicado-a-suinocultura_files/figure-latex/gbp13-1.pdf Graphic file (ty
pe pdf)
<use R-aplicado-a-suinocultura_files/figure-latex/gbp13-1.pdf>
Package pdftex.def Info: R-aplicado-a-suinocultura_files/figure-latex/gbp13-1.p
df  used on input line 3677.
(pdftex.def)             Requested size: 224.39749pt x 155.3521pt.
<R-aplicado-a-suinocultura_files/figure-latex/gbp13-2.pdf, id=1016, 469.755pt x
 325.215pt>
File: R-aplicado-a-suinocultura_files/figure-latex/gbp13-2.pdf Graphic file (ty
pe pdf)
<use R-aplicado-a-suinocultura_files/figure-latex/gbp13-2.pdf>
Package pdftex.def Info: R-aplicado-a-suinocultura_files/figure-latex/gbp13-2.p
df  used on input line 3677.
(pdftex.def)             Requested size: 224.39749pt x 155.3521pt.
<R-aplicado-a-suinocultura_files/figure-latex/lgbp1-1.pdf, id=1017, 469.755pt x
 325.215pt>
File: R-aplicado-a-suinocultura_files/figure-latex/lgbp1-1.pdf Graphic file (ty
pe pdf)
<use R-aplicado-a-suinocultura_files/figure-latex/lgbp1-1.pdf>
Package pdftex.def Info: R-aplicado-a-suinocultura_files/figure-latex/lgbp1-1.p
df  used on input line 3692.
(pdftex.def)             Requested size: 224.39749pt x 155.3521pt.
<R-aplicado-a-suinocultura_files/figure-latex/lgbp1-2.pdf, id=1018, 469.755pt x
 325.215pt>
File: R-aplicado-a-suinocultura_files/figure-latex/lgbp1-2.pdf Graphic file (ty
pe pdf)
<use R-aplicado-a-suinocultura_files/figure-latex/lgbp1-2.pdf>
Package pdftex.def Info: R-aplicado-a-suinocultura_files/figure-latex/lgbp1-2.p
df  used on input line 3692.
(pdftex.def)             Requested size: 224.39749pt x 155.3521pt.
[72] [73 <./R-aplicado-a-suinocultura_files/figure-latex/gvhline-1.pdf> <./R-ap
licado-a-suinocultura_files/figure-latex/gbp13-1.pdf> <./R-aplicado-a-suinocult
ura_files/figure-latex/gbp13-2.pdf>]
<R-aplicado-a-suinocultura_files/figure-latex/gbp1-1.pdf, id=1054, 469.755pt x 
325.215pt>
File: R-aplicado-a-suinocultura_files/figure-latex/gbp1-1.pdf Graphic file (typ
e pdf)
<use R-aplicado-a-suinocultura_files/figure-latex/gbp1-1.pdf>
Package pdftex.def Info: R-aplicado-a-suinocultura_files/figure-latex/gbp1-1.pd
f  used on input line 3714.
(pdftex.def)             Requested size: 224.39749pt x 155.3521pt.
<R-aplicado-a-suinocultura_files/figure-latex/gbp1-2.pdf, id=1055, 469.755pt x 
325.215pt>
File: R-aplicado-a-suinocultura_files/figure-latex/gbp1-2.pdf Graphic file (typ
e pdf)
<use R-aplicado-a-suinocultura_files/figure-latex/gbp1-2.pdf>
Package pdftex.def Info: R-aplicado-a-suinocultura_files/figure-latex/gbp1-2.pd
f  used on input line 3714.
(pdftex.def)             Requested size: 224.39749pt x 155.3521pt.
<R-aplicado-a-suinocultura_files/figure-latex/gb1-1.pdf, id=1056, 469.755pt x 3
25.215pt>
File: R-aplicado-a-suinocultura_files/figure-latex/gb1-1.pdf Graphic file (type
 pdf)
<use R-aplicado-a-suinocultura_files/figure-latex/gb1-1.pdf>
Package pdftex.def Info: R-aplicado-a-suinocultura_files/figure-latex/gb1-1.pdf
  used on input line 3732.
(pdftex.def)             Requested size: 224.39749pt x 155.3521pt.
<R-aplicado-a-suinocultura_files/figure-latex/gb1-2.pdf, id=1057, 469.755pt x 3
25.215pt>
File: R-aplicado-a-suinocultura_files/figure-latex/gb1-2.pdf Graphic file (type
 pdf)
<use R-aplicado-a-suinocultura_files/figure-latex/gb1-2.pdf>
Package pdftex.def Info: R-aplicado-a-suinocultura_files/figure-latex/gb1-2.pdf
  used on input line 3732.
(pdftex.def)             Requested size: 224.39749pt x 155.3521pt.
pdfTeX warning (ext4): destination with the same identifier (name{histogramas})
 has been already used, duplicate ignored
<to be read again> 
                   \relax 
l.3736 ...section{Histogramas}\label{histogramas}}
                                                   [74 <./R-aplicado-a-suinocul
tura_files/figure-latex/lgbp1-1.pdf> <./R-aplicado-a-suinocultura_files/figure-
latex/lgbp1-2.pdf> <./R-aplicado-a-suinocultura_files/figure-latex/gbp1-1.pdf> 
<./R-aplicado-a-suinocultura_files/figure-latex/gbp1-2.pdf>]
<R-aplicado-a-suinocultura_files/figure-latex/ghs1-1.pdf, id=1091, 469.755pt x 
325.215pt>
File: R-aplicado-a-suinocultura_files/figure-latex/ghs1-1.pdf Graphic file (typ
e pdf)
<use R-aplicado-a-suinocultura_files/figure-latex/ghs1-1.pdf>
Package pdftex.def Info: R-aplicado-a-suinocultura_files/figure-latex/ghs1-1.pd
f  used on input line 3766.
(pdftex.def)             Requested size: 224.39749pt x 155.3521pt.
<R-aplicado-a-suinocultura_files/figure-latex/ghs1-2.pdf, id=1092, 469.755pt x 
325.215pt>
File: R-aplicado-a-suinocultura_files/figure-latex/ghs1-2.pdf Graphic file (typ
e pdf)
<use R-aplicado-a-suinocultura_files/figure-latex/ghs1-2.pdf>
Package pdftex.def Info: R-aplicado-a-suinocultura_files/figure-latex/ghs1-2.pd
f  used on input line 3766.
(pdftex.def)             Requested size: 224.39749pt x 155.3521pt.
[75 <./R-aplicado-a-suinocultura_files/figure-latex/gb1-1.pdf> <./R-aplicado-a-
suinocultura_files/figure-latex/gb1-2.pdf> <./R-aplicado-a-suinocultura_files/f
igure-latex/ghs1-1.pdf> <./R-aplicado-a-suinocultura_files/figure-latex/ghs1-2.
pdf>]
<R-aplicado-a-suinocultura_files/figure-latex/gts2-1.pdf, id=1121, 469.755pt x 
325.215pt>
File: R-aplicado-a-suinocultura_files/figure-latex/gts2-1.pdf Graphic file (typ
e pdf)
<use R-aplicado-a-suinocultura_files/figure-latex/gts2-1.pdf>
Package pdftex.def Info: R-aplicado-a-suinocultura_files/figure-latex/gts2-1.pd
f  used on input line 3782.
(pdftex.def)             Requested size: 469.78969pt x 325.23901pt.
<R-aplicado-a-suinocultura_files/figure-latex/gts23-1.pdf, id=1122, 469.755pt x
 325.215pt>
File: R-aplicado-a-suinocultura_files/figure-latex/gts23-1.pdf Graphic file (ty
pe pdf)
<use R-aplicado-a-suinocultura_files/figure-latex/gts23-1.pdf>
Package pdftex.def Info: R-aplicado-a-suinocultura_files/figure-latex/gts23-1.p
df  used on input line 3797.
(pdftex.def)             Requested size: 469.78969pt x 325.23901pt.
<R-aplicado-a-suinocultura_files/figure-latex/gts03-1.pdf, id=1123, 469.755pt x
 325.215pt>
File: R-aplicado-a-suinocultura_files/figure-latex/gts03-1.pdf Graphic file (ty
pe pdf)
<use R-aplicado-a-suinocultura_files/figure-latex/gts03-1.pdf>
Package pdftex.def Info: R-aplicado-a-suinocultura_files/figure-latex/gts03-1.p
df  used on input line 3812.
(pdftex.def)             Requested size: 469.78969pt x 325.23901pt.
[76 <./R-aplicado-a-suinocultura_files/figure-latex/gts2-1.pdf>] [77 <./R-aplic
ado-a-suinocultura_files/figure-latex/gts23-1.pdf>] [78 <./R-aplicado-a-suinocu
ltura_files/figure-latex/gts03-1.pdf>]
Chapter 4.
[79

] [80]
Chapter 5.
Package atveryend Info: Empty hook `BeforeClearDocument' on input line 3920.
[81

]
Package atveryend Info: Empty hook `AfterLastShipout' on input line 3920.
(./R-aplicado-a-suinocultura.aux)
Package atveryend Info: Executing hook `AtVeryEndDocument' on input line 3920.
Package atveryend Info: Executing hook `AtEndAfterFileList' on input line 3920.

Package rerunfilecheck Info: File `R-aplicado-a-suinocultura.out' has not chang
ed.
(rerunfilecheck)             Checksum: 634AED6868A67CAE81EFFB99075364F7;6363.

LaTeX Warning: There were undefined references.


LaTeX Warning: There were multiply-defined labels.

Package atveryend Info: Empty hook `AtVeryVeryEnd' on input line 3920.
 ) 
Here is how much of TeX's memory you used:
 12597 strings out of 482854
 198362 string characters out of 5954255
 436775 words of memory out of 5000000
 27278 multiletter control sequences out of 15000+600000
 615096 words of font info for 84 fonts, out of 8000000 for 9000
 14 hyphenation exceptions out of 8191
 43i,6n,37p,919b,463s stack positions out of 5000i,500n,10000p,200000b,80000s
{c:/Users/Cleber.PROFCLEBER/AppData/Roaming/TinyTeX/texmf-dist/fonts/enc/dvip
s/lm/lm-mathit.enc}{c:/Users/Cleber.PROFCLEBER/AppData/Roaming/TinyTeX/texmf-di
st/fonts/enc/dvips/lm/lm-mathsy.enc}{c:/Users/Cleber.PROFCLEBER/AppData/Roaming
/TinyTeX/texmf-dist/fonts/enc/dvips/lm/lm-rm.enc}{c:/Users/Cleber.PROFCLEBER/Ap
pData/Roaming/TinyTeX/texmf-dist/fonts/enc/dvips/lm/lm-ts1.enc}{c:/Users/Cleber
.PROFCLEBER/AppData/Roaming/TinyTeX/texmf-dist/fonts/enc/dvips/lm/lm-ec.enc}<c:
/Users/Cleber.PROFCLEBER/AppData/Roaming/TinyTeX/texmf-dist/fonts/type1/public/
lm/lmbx10.pfb><c:/Users/Cleber.PROFCLEBER/AppData/Roaming/TinyTeX/texmf-dist/fo
nts/type1/public/lm/lmbx12.pfb><c:/Users/Cleber.PROFCLEBER/AppData/Roaming/Tiny
TeX/texmf-dist/fonts/type1/public/lm/lmbxi10.pfb><c:/Users/Cleber.PROFCLEBER/Ap
pData/Roaming/TinyTeX/texmf-dist/fonts/type1/public/lm/lmmi10.pfb><c:/Users/Cle
ber.PROFCLEBER/AppData/Roaming/TinyTeX/texmf-dist/fonts/type1/public/lm/lmmi7.p
fb><c:/Users/Cleber.PROFCLEBER/AppData/Roaming/TinyTeX/texmf-dist/fonts/type1/p
ublic/lm/lmr10.pfb><c:/Users/Cleber.PROFCLEBER/AppData/Roaming/TinyTeX/texmf-di
st/fonts/type1/public/lm/lmr12.pfb><c:/Users/Cleber.PROFCLEBER/AppData/Roaming/
TinyTeX/texmf-dist/fonts/type1/public/lm/lmr17.pfb><c:/Users/Cleber.PROFCLEBER/
AppData/Roaming/TinyTeX/texmf-dist/fonts/type1/public/lm/lmr7.pfb><c:/Users/Cle
ber.PROFCLEBER/AppData/Roaming/TinyTeX/texmf-dist/fonts/type1/public/lm/lmri10.
pfb><c:/Users/Cleber.PROFCLEBER/AppData/Roaming/TinyTeX/texmf-dist/fonts/type1/
public/lm/lmro10.pfb><c:/Users/Cleber.PROFCLEBER/AppData/Roaming/TinyTeX/texmf-
dist/fonts/type1/public/lm/lmsy10.pfb><c:/Users/Cleber.PROFCLEBER/AppData/Roami
ng/TinyTeX/texmf-dist/fonts/type1/public/lm/lmsy7.pfb><c:/Users/Cleber.PROFCLEB
ER/AppData/Roaming/TinyTeX/texmf-dist/fonts/type1/public/lm/lmtk10.pfb><c:/User
s/Cleber.PROFCLEBER/AppData/Roaming/TinyTeX/texmf-dist/fonts/type1/public/lm/lm
tt10.pfb><c:/Users/Cleber.PROFCLEBER/AppData/Roaming/TinyTeX/texmf-dist/fonts/t
ype1/public/lm/lmtti10.pfb><c:/Users/Cleber.PROFCLEBER/AppData/Roaming/TinyTeX/
texmf-dist/fonts/type1/public/lm/lmtto10.pfb>
Output written on R-aplicado-a-suinocultura.pdf (81 pages, 4649104 bytes).
PDF statistics:
 1329 PDF objects out of 1440 (max. 8388607)
 1094 compressed objects within 11 object streams
 377 named destinations out of 1000 (max. 500000)
 637 words of extra memory for PDF output out of 10000 (max. 10000000)

